Determining if the pthread_create exist failed with the following output:
Change Dir: /home/antoni/Desktop/projects/OOP_babysitter/Babysitter/cmake-build-debug/CMakeFiles/CMakeTmp

Run Build Command:"/usr/bin/make" "cmTC_bd444/fast"
/usr/bin/make -f CMakeFiles/cmTC_bd444.dir/build.make CMakeFiles/cmTC_bd444.dir/build
make[1]: Entering directory '/home/antoni/Desktop/projects/OOP_babysitter/Babysitter/cmake-build-debug/CMakeFiles/CMakeTmp'
Building C object CMakeFiles/cmTC_bd444.dir/CheckSymbolExists.c.o
/usr/bin/gcc    -o CMakeFiles/cmTC_bd444.dir/CheckSymbolExists.c.o   -c /home/antoni/Desktop/projects/OOP_babysitter/Babysitter/cmake-build-debug/CMakeFiles/CMakeTmp/CheckSymbolExists.c
Linking C executable cmTC_bd444
/snap/clion/58/bin/cmake/linux/bin/cmake -E cmake_link_script CMakeFiles/cmTC_bd444.dir/link.txt --verbose=1
/usr/bin/gcc      CMakeFiles/cmTC_bd444.dir/CheckSymbolExists.c.o  -o cmTC_bd444 
CMakeFiles/cmTC_bd444.dir/CheckSymbolExists.c.o: In function `main':
CheckSymbolExists.c:(.text+0x1b): undefined reference to `pthread_create'
collect2: error: ld returned 1 exit status
CMakeFiles/cmTC_bd444.dir/build.make:86: recipe for target 'cmTC_bd444' failed
make[1]: *** [cmTC_bd444] Error 1
make[1]: Leaving directory '/home/antoni/Desktop/projects/OOP_babysitter/Babysitter/cmake-build-debug/CMakeFiles/CMakeTmp'
Makefile:121: recipe for target 'cmTC_bd444/fast' failed
make: *** [cmTC_bd444/fast] Error 2

File /home/antoni/Desktop/projects/OOP_babysitter/Babysitter/cmake-build-debug/CMakeFiles/CMakeTmp/CheckSymbolExists.c:
/* */
#include <pthread.h>

int main(int argc, char** argv)
{
  (void)argv;
#ifndef pthread_create
  return ((int*)(&pthread_create))[argc];
#else
  (void)argc;
  return 0;
#endif
}

Determining if the function pthread_create exists in the pthreads failed with the following output:
Change Dir: /home/antoni/Desktop/projects/OOP_babysitter/Babysitter/cmake-build-debug/CMakeFiles/CMakeTmp

Run Build Command:"/usr/bin/make" "cmTC_cc8c2/fast"
/usr/bin/make -f CMakeFiles/cmTC_cc8c2.dir/build.make CMakeFiles/cmTC_cc8c2.dir/build
make[1]: Entering directory '/home/antoni/Desktop/projects/OOP_babysitter/Babysitter/cmake-build-debug/CMakeFiles/CMakeTmp'
Building C object CMakeFiles/cmTC_cc8c2.dir/CheckFunctionExists.c.o
/usr/bin/gcc   -DCHECK_FUNCTION_EXISTS=pthread_create   -o CMakeFiles/cmTC_cc8c2.dir/CheckFunctionExists.c.o   -c /snap/clion/58/bin/cmake/linux/share/cmake-3.13/Modules/CheckFunctionExists.c
Linking C executable cmTC_cc8c2
/snap/clion/58/bin/cmake/linux/bin/cmake -E cmake_link_script CMakeFiles/cmTC_cc8c2.dir/link.txt --verbose=1
/usr/bin/gcc  -DCHECK_FUNCTION_EXISTS=pthread_create    CMakeFiles/cmTC_cc8c2.dir/CheckFunctionExists.c.o  -o cmTC_cc8c2 -lpthreads 
/usr/bin/ld: cannot find -lpthreads
collect2: error: ld returned 1 exit status
CMakeFiles/cmTC_cc8c2.dir/build.make:86: recipe for target 'cmTC_cc8c2' failed
make[1]: *** [cmTC_cc8c2] Error 1
make[1]: Leaving directory '/home/antoni/Desktop/projects/OOP_babysitter/Babysitter/cmake-build-debug/CMakeFiles/CMakeTmp'
Makefile:121: recipe for target 'cmTC_cc8c2/fast' failed
make: *** [cmTC_cc8c2/fast] Error 2


